{"numFailedTestSuites":0,"numFailedTests":0,"numPassedTestSuites":26,"numPassedTests":39,"numPendingTestSuites":0,"numPendingTests":0,"numRuntimeErrorTestSuites":0,"numTodoTests":0,"numTotalTestSuites":26,"numTotalTests":39,"openHandles":[],"snapshot":{"added":0,"didUpdate":false,"failure":false,"filesAdded":0,"filesRemoved":0,"filesUnmatched":0,"filesUpdated":0,"matched":0,"total":0,"unchecked":0,"uncheckedKeysByFile":[],"unmatched":0,"updated":0},"startTime":1561561135609,"success":true,"testResults":[{"assertionResults":[{"ancestorTitles":["IllionsPipe"],"failureMessages":[],"fullName":"IllionsPipe should create an instance","location":null,"status":"passed","title":"should create an instance"},{"ancestorTitles":["IllionsPipe"],"failureMessages":[],"fullName":"IllionsPipe is NaN function working","location":null,"status":"passed","title":"is NaN function working"},{"ancestorTitles":["IllionsPipe"],"failureMessages":[],"fullName":"IllionsPipe pipe not fails","location":null,"status":"passed","title":"pipe not fails"}],"endTime":1561561140418,"message":"","name":"C:\\projects\\sprinkles\\src\\lib\\pipes\\illions\\illions.pipe.spec.ts","startTime":1561561137517,"status":"passed","summary":""},{"assertionResults":[{"ancestorTitles":["HeaderLinkComponent"],"failureMessages":[],"fullName":"HeaderLinkComponent should create","location":null,"status":"passed","title":"should create"}],"endTime":1561561140451,"message":"","name":"C:\\projects\\sprinkles\\src\\lib\\header\\header-link\\header-link.component.spec.ts","startTime":1561561137502,"status":"passed","summary":""},{"assertionResults":[{"ancestorTitles":["FooterComponent"],"failureMessages":[],"fullName":"FooterComponent should create","location":null,"status":"passed","title":"should create"}],"endTime":1561561140456,"message":"","name":"C:\\projects\\sprinkles\\src\\lib\\footer\\footer.component.spec.ts","startTime":1561561137486,"status":"passed","summary":""},{"assertionResults":[{"ancestorTitles":["LoaderComponent"],"failureMessages":[],"fullName":"LoaderComponent should create","location":null,"status":"passed","title":"should create"}],"endTime":1561561140457,"message":"","name":"C:\\projects\\sprinkles\\src\\lib\\loader\\loader-basic\\loader-basic.component.spec.ts","startTime":1561561137518,"status":"passed","summary":""},{"assertionResults":[{"ancestorTitles":["DropdownSectionComponent"],"failureMessages":[],"fullName":"DropdownSectionComponent should create","location":null,"status":"passed","title":"should create"}],"endTime":1561561140469,"message":"","name":"C:\\projects\\sprinkles\\src\\lib\\dropdowns\\dropdown-section\\dropdown-section.component.spec.ts","startTime":1561561137518,"status":"passed","summary":""},{"assertionResults":[{"ancestorTitles":["LoaderIhsMarkitComponent"],"failureMessages":[],"fullName":"LoaderIhsMarkitComponent should create","location":null,"status":"passed","title":"should create"}],"endTime":1561561140472,"message":"","name":"C:\\projects\\sprinkles\\src\\lib\\loader\\loader-ihs-markit\\loader-ihs-markit.component.spec.ts","startTime":1561561137518,"status":"passed","summary":""},{"assertionResults":[{"ancestorTitles":["DropdownSectionOptionComponent"],"failureMessages":[],"fullName":"DropdownSectionOptionComponent should create","location":null,"status":"passed","title":"should create"}],"endTime":1561561140498,"message":"","name":"C:\\projects\\sprinkles\\src\\lib\\dropdowns\\dropdown-section-option\\dropdown-section-option.component.spec.ts","startTime":1561561137518,"status":"passed","summary":""},{"assertionResults":[{"ancestorTitles":["CardsComponent"],"failureMessages":[],"fullName":"CardsComponent should create","location":null,"status":"passed","title":"should create"}],"endTime":1561561140500,"message":"","name":"C:\\projects\\sprinkles\\src\\lib\\cards\\cards.component.spec.ts","startTime":1561561137518,"status":"passed","summary":""},{"assertionResults":[{"ancestorTitles":["BadgeComponent"],"failureMessages":[],"fullName":"BadgeComponent should create","location":null,"status":"passed","title":"should create"}],"endTime":1561561140530,"message":"","name":"C:\\projects\\sprinkles\\src\\lib\\badge\\badge.component.spec.ts","startTime":1561561137533,"status":"passed","summary":""},{"assertionResults":[{"ancestorTitles":["AvatarComponent"],"failureMessages":[],"fullName":"AvatarComponent should create","location":null,"status":"passed","title":"should create"}],"endTime":1561561140550,"message":"","name":"C:\\projects\\sprinkles\\src\\lib\\avatar\\avatar.component.spec.ts","startTime":1561561137518,"status":"passed","summary":""},{"assertionResults":[{"ancestorTitles":["RadioButtonComponent"],"failureMessages":[],"fullName":"RadioButtonComponent should create","location":null,"status":"passed","title":"should create"},{"ancestorTitles":["RadioButtonComponent"],"failureMessages":[],"fullName":"RadioButtonComponent should check when selcted","location":null,"status":"passed","title":"should check when selcted"},{"ancestorTitles":["RadioButtonComponent"],"failureMessages":[],"fullName":"RadioButtonComponent should become touched when selected","location":null,"status":"passed","title":"should become touched when selected"},{"ancestorTitles":["RadioButtonComponent"],"failureMessages":[],"fullName":"RadioButtonComponent should become changed when selcted","location":null,"status":"passed","title":"should become changed when selcted"}],"endTime":1561561140557,"message":"","name":"C:\\projects\\sprinkles\\src\\lib\\radio-button\\radio-button.component.spec.ts","startTime":1561561137486,"status":"passed","summary":""},{"assertionResults":[{"ancestorTitles":["HeaderComponent"],"failureMessages":[],"fullName":"HeaderComponent should create","location":null,"status":"passed","title":"should create"}],"endTime":1561561140597,"message":"","name":"C:\\projects\\sprinkles\\src\\lib\\header\\header.component.spec.ts","startTime":1561561137517,"status":"passed","summary":""},{"assertionResults":[{"ancestorTitles":["CheckboxComponent"],"failureMessages":[],"fullName":"CheckboxComponent should create","location":null,"status":"passed","title":"should create"},{"ancestorTitles":["CheckboxComponent"],"failureMessages":[],"fullName":"CheckboxComponent should check toggle","location":null,"status":"passed","title":"should check toggle"},{"ancestorTitles":["CheckboxComponent"],"failureMessages":[],"fullName":"CheckboxComponent should be unchecked after two toggles","location":null,"status":"passed","title":"should be unchecked after two toggles"},{"ancestorTitles":["CheckboxComponent"],"failureMessages":[],"fullName":"CheckboxComponent should become touched when toggled","location":null,"status":"passed","title":"should become touched when toggled"},{"ancestorTitles":["CheckboxComponent"],"failureMessages":[],"fullName":"CheckboxComponent should become changed when toggled","location":null,"status":"passed","title":"should become changed when toggled"}],"endTime":1561561140599,"message":"","name":"C:\\projects\\sprinkles\\src\\lib\\checkbox\\checkbox.component.spec.ts","startTime":1561561137486,"status":"passed","summary":""},{"assertionResults":[{"ancestorTitles":["SwitchComponent"],"failureMessages":[],"fullName":"SwitchComponent should create","location":null,"status":"passed","title":"should create"},{"ancestorTitles":["SwitchComponent"],"failureMessages":[],"fullName":"SwitchComponent should check toggle","location":null,"status":"passed","title":"should check toggle"},{"ancestorTitles":["SwitchComponent"],"failureMessages":[],"fullName":"SwitchComponent should be unchecked after two toggles","location":null,"status":"passed","title":"should be unchecked after two toggles"},{"ancestorTitles":["SwitchComponent"],"failureMessages":[],"fullName":"SwitchComponent should become touched when toggled","location":null,"status":"passed","title":"should become touched when toggled"},{"ancestorTitles":["SwitchComponent"],"failureMessages":[],"fullName":"SwitchComponent should become changed when toggled","location":null,"status":"passed","title":"should become changed when toggled"}],"endTime":1561561140637,"message":"","name":"C:\\projects\\sprinkles\\src\\lib\\switch\\switch.component.spec.ts","startTime":1561561137487,"status":"passed","summary":""},{"assertionResults":[{"ancestorTitles":["DropdownSectionedComponent"],"failureMessages":[],"fullName":"DropdownSectionedComponent should create","location":null,"status":"passed","title":"should create"}],"endTime":1561561140652,"message":"","name":"C:\\projects\\sprinkles\\src\\lib\\dropdowns\\dropdown-sectioned\\dropdown-sectioned.component.spec.ts","startTime":1561561137502,"status":"passed","summary":""},{"assertionResults":[{"ancestorTitles":["Pipe: SanitizeHtmle"],"failureMessages":[],"fullName":"Pipe: SanitizeHtmle create an instance","location":null,"status":"passed","title":"create an instance"}],"endTime":1561561140972,"message":"","name":"C:\\projects\\sprinkles\\src\\lib\\pipes\\insert-html\\insert-html.pipe.spec.ts","startTime":1561561140506,"status":"passed","summary":""},{"assertionResults":[{"ancestorTitles":["ExpandableContainerComponent"],"failureMessages":[],"fullName":"ExpandableContainerComponent should create an instance","location":null,"status":"passed","title":"should create an instance"}],"endTime":1561561140979,"message":"","name":"C:\\projects\\sprinkles\\src\\lib\\expandable-container\\expandable-container.component.spec.ts","startTime":1561561140495,"status":"passed","summary":""},{"assertionResults":[{"ancestorTitles":["ScrollOnDragDirective"],"failureMessages":[],"fullName":"ScrollOnDragDirective should create an instance","location":null,"status":"passed","title":"should create an instance"}],"endTime":1561561141002,"message":"","name":"C:\\projects\\sprinkles\\src\\lib\\directives\\scroll-on-drag\\scroll-on-drag.directive.spec.ts","startTime":1561561140481,"status":"passed","summary":""},{"assertionResults":[{"ancestorTitles":["Pipe: Containse"],"failureMessages":[],"fullName":"Pipe: Containse create an instance","location":null,"status":"passed","title":"create an instance"}],"endTime":1561561141003,"message":"","name":"C:\\projects\\sprinkles\\src\\lib\\pipes\\contains\\contains.pipe.spec.ts","startTime":1561561140522,"status":"passed","summary":""},{"assertionResults":[{"ancestorTitles":["Pipe: FileSize"],"failureMessages":[],"fullName":"Pipe: FileSize create an instance","location":null,"status":"passed","title":"create an instance"}],"endTime":1561561141005,"message":"","name":"C:\\projects\\sprinkles\\src\\lib\\pipes\\file-size\\file-size.pipe.spec.ts","startTime":1561561140532,"status":"passed","summary":""},{"assertionResults":[{"ancestorTitles":["ButtonLinkComponent"],"failureMessages":[],"fullName":"ButtonLinkComponent should create","location":null,"status":"passed","title":"should create"}],"endTime":1561561141007,"message":"","name":"C:\\projects\\sprinkles\\src\\lib\\button\\button-link\\button-link.component.spec.ts","startTime":1561561140472,"status":"passed","summary":""},{"assertionResults":[{"ancestorTitles":["ButtonComponent"],"failureMessages":[],"fullName":"ButtonComponent should create","location":null,"status":"passed","title":"should create"}],"endTime":1561561141008,"message":"","name":"C:\\projects\\sprinkles\\src\\lib\\button\\button.component.spec.ts","startTime":1561561140481,"status":"passed","summary":""},{"assertionResults":[{"ancestorTitles":["Pipe: Highlighte"],"failureMessages":[],"fullName":"Pipe: Highlighte create an instance","location":null,"status":"passed","title":"create an instance"}],"endTime":1561561141012,"message":"","name":"C:\\projects\\sprinkles\\src\\lib\\pipes\\highlight\\highlight.pipe.spec.ts","startTime":1561561140590,"status":"passed","summary":""},{"assertionResults":[{"ancestorTitles":["PopupDirective"],"failureMessages":[],"fullName":"PopupDirective should create an instance","location":null,"status":"passed","title":"should create an instance"}],"endTime":1561561141013,"message":"","name":"C:\\projects\\sprinkles\\src\\lib\\directives\\tab-order\\tab-order.directive.spec.ts","startTime":1561561140561,"status":"passed","summary":""},{"assertionResults":[{"ancestorTitles":["PopupDirective"],"failureMessages":[],"fullName":"PopupDirective should create an instance","location":null,"status":"passed","title":"should create an instance"}],"endTime":1561561141013,"message":"","name":"C:\\projects\\sprinkles\\src\\lib\\directives\\popup\\popup.directive.spec.ts","startTime":1561561140579,"status":"passed","summary":""},{"assertionResults":[{"ancestorTitles":["SubmitButtonComponent"],"failureMessages":[],"fullName":"SubmitButtonComponent should create","location":null,"status":"passed","title":"should create"}],"endTime":1561561141049,"message":"","name":"C:\\projects\\sprinkles\\src\\lib\\button\\submit-button\\submit-button.component.spec.ts","startTime":1561561140441,"status":"passed","summary":""}],"wasInterrupted":false}